Vivado Simulator v2024.1
Copyright 1986-2022 Xilinx, Inc. All Rights Reserved.
Copyright 2022-2024 Advanced Micro Devices, Inc. All Rights Reserved.
Running: D:/Xilinx/Vivado/2024.1/bin/unwrapped/win64.o/xelab.exe --incr --debug typical --relax --mt 2 -L xil_defaultlib -L unisims_ver -L unimacro_ver -L secureip --snapshot tb_behav xil_defaultlib.tb xil_defaultlib.glbl -log elaborate.log 
Using 2 slave threads.
Starting static elaboration
Pass Through NonSizing Optimizer
WARNING: [VRFC 10-3091] actual bit length 32 differs from formal bit length 1 for port 'D' [D:/VeriLogProjects/8x1mux_bool/8x1mux_bool.srcs/sources_1/new/mux8to1.v:29]
WARNING: [VRFC 10-3091] actual bit length 32 differs from formal bit length 1 for port 'A' [D:/VeriLogProjects/8x1mux_bool/8x1mux_bool.srcs/sources_1/new/mux8to1.v:30]
Completed static elaboration
Starting simulation data flow analysis
WARNING: [XSIM 43-4099] "D:/VeriLogProjects/8x1mux_bool/8x1mux_bool.srcs/sources_1/new/mux8to1.v" Line 22. Module mux8to1 doesn't have a timescale but at least one module in design has a timescale.
WARNING: [XSIM 43-4099] "D:/VeriLogProjects/8x1mux_bool/8x1mux_bool.srcs/sources_1/new/mux4to1.v" Line 22. Module mux4to1 doesn't have a timescale but at least one module in design has a timescale.
WARNING: [XSIM 43-4099] "D:/VeriLogProjects/8x1mux_bool/8x1mux_bool.srcs/sources_1/new/mux4to1.v" Line 22. Module mux4to1 doesn't have a timescale but at least one module in design has a timescale.
WARNING: [XSIM 43-4099] "D:/VeriLogProjects/8x1mux_bool/8x1mux_bool.srcs/sources_1/new/mux8to1.v" Line 22. Module mux8to1 doesn't have a timescale but at least one module in design has a timescale.
WARNING: [XSIM 43-4099] "D:/VeriLogProjects/8x1mux_bool/8x1mux_bool.srcs/sources_1/new/mux4to1.v" Line 22. Module mux4to1 doesn't have a timescale but at least one module in design has a timescale.
WARNING: [XSIM 43-4099] "D:/VeriLogProjects/8x1mux_bool/8x1mux_bool.srcs/sources_1/new/mux4to1.v" Line 22. Module mux4to1 doesn't have a timescale but at least one module in design has a timescale.
Completed simulation data flow analysis
Time Resolution for simulation is 1ps
Compiling module xil_defaultlib.mux4to1
Compiling module xil_defaultlib.mux8to1
Compiling module xil_defaultlib.tb
Compiling module xil_defaultlib.glbl
Built simulation snapshot tb_behav
