Time resolution is 1 ps
A=65530 B=   10 Cin=0 | Sum=21508 Cout=0
A=65530 B=   10 Cin=1 | Sum=21509 Cout=0
A=65530 B=   11 Cin=0 | Sum=21509 Cout=0
A=65530 B=   11 Cin=1 | Sum=21510 Cout=0
A=65530 B=   12 Cin=0 | Sum=21510 Cout=0
A=65530 B=   12 Cin=1 | Sum=21511 Cout=0
A=65530 B=   13 Cin=0 | Sum=21511 Cout=0
A=65530 B=   13 Cin=1 | Sum=21516 Cout=0
A=65530 B=   14 Cin=0 | Sum=21512 Cout=0
A=65530 B=   14 Cin=1 | Sum=21513 Cout=0
A=65530 B=   15 Cin=0 | Sum=21513 Cout=0
A=65530 B=   15 Cin=1 | Sum=21514 Cout=0
A=65530 B=   16 Cin=0 | Sum=21514 Cout=0
A=65530 B=   16 Cin=1 | Sum=21515 Cout=0
A=65530 B=   17 Cin=0 | Sum=21515 Cout=0
A=65530 B=   17 Cin=1 | Sum=21512 Cout=0
A=65530 B=   18 Cin=0 | Sum=21516 Cout=0
A=65530 B=   18 Cin=1 | Sum=21517 Cout=0
A=65530 B=   19 Cin=0 | Sum=21517 Cout=0
A=65530 B=   19 Cin=1 | Sum=21518 Cout=0
A=65530 B=   20 Cin=0 | Sum=21518 Cout=0
A=65530 B=   20 Cin=1 | Sum=21519 Cout=0
A=65530 B=   21 Cin=0 | Sum=21519 Cout=0
A=65530 B=   21 Cin=1 | Sum=21508 Cout=0
A=65530 B=   22 Cin=0 | Sum=21520 Cout=0
A=65530 B=   22 Cin=1 | Sum=21521 Cout=0
A=65530 B=   23 Cin=0 | Sum=21521 Cout=0
A=65530 B=   23 Cin=1 | Sum=21522 Cout=0
A=65530 B=   24 Cin=0 | Sum=21522 Cout=0
A=65530 B=   24 Cin=1 | Sum=21523 Cout=0
A=65530 B=   25 Cin=0 | Sum=21523 Cout=0
A=65530 B=   25 Cin=1 | Sum=21520 Cout=0
A=65530 B=   26 Cin=0 | Sum=21524 Cout=0
A=65530 B=   26 Cin=1 | Sum=21525 Cout=0
A=65530 B=   27 Cin=0 | Sum=21525 Cout=0
A=65530 B=   27 Cin=1 | Sum=21526 Cout=0
A=65530 B=   28 Cin=0 | Sum=21526 Cout=0
A=65530 B=   28 Cin=1 | Sum=21527 Cout=0
A=65530 B=   29 Cin=0 | Sum=21527 Cout=0
A=65530 B=   29 Cin=1 | Sum=21532 Cout=0
A=65530 B=   30 Cin=0 | Sum=21528 Cout=0
A=65530 B=   30 Cin=1 | Sum=21529 Cout=0
A=65530 B=   31 Cin=0 | Sum=21529 Cout=0
A=65530 B=   31 Cin=1 | Sum=21530 Cout=0
A=65530 B=   32 Cin=0 | Sum=21530 Cout=0
A=65530 B=   32 Cin=1 | Sum=21531 Cout=0
A=65530 B=   33 Cin=0 | Sum=21531 Cout=0
A=65530 B=   33 Cin=1 | Sum=21528 Cout=0
A=65530 B=   34 Cin=0 | Sum=21532 Cout=0
A=65530 B=   34 Cin=1 | Sum=21533 Cout=0
A=65530 B=   35 Cin=0 | Sum=21533 Cout=0
A=65530 B=   35 Cin=1 | Sum=21534 Cout=0
A=65530 B=   36 Cin=0 | Sum=21534 Cout=0
A=65530 B=   36 Cin=1 | Sum=21535 Cout=0
A=65530 B=   37 Cin=0 | Sum=21535 Cout=0
A=65530 B=   37 Cin=1 | Sum=21556 Cout=0
A=65530 B=   38 Cin=0 | Sum=21536 Cout=0
A=65530 B=   38 Cin=1 | Sum=21537 Cout=0
A=65530 B=   39 Cin=0 | Sum=21537 Cout=0
A=65530 B=   39 Cin=1 | Sum=21538 Cout=0
A=65530 B=   40 Cin=0 | Sum=21538 Cout=0
A=65530 B=   40 Cin=1 | Sum=21539 Cout=0
A=65530 B=   41 Cin=0 | Sum=21539 Cout=0
A=65530 B=   41 Cin=1 | Sum=21536 Cout=0
A=65530 B=   42 Cin=0 | Sum=21540 Cout=0
A=65530 B=   42 Cin=1 | Sum=21541 Cout=0
A=65530 B=   43 Cin=0 | Sum=21541 Cout=0
A=65530 B=   43 Cin=1 | Sum=21542 Cout=0
A=65530 B=   44 Cin=0 | Sum=21542 Cout=0
A=65530 B=   44 Cin=1 | Sum=21543 Cout=0
A=65530 B=   45 Cin=0 | Sum=21543 Cout=0
A=65530 B=   45 Cin=1 | Sum=21548 Cout=0
A=65530 B=   46 Cin=0 | Sum=21544 Cout=0
A=65530 B=   46 Cin=1 | Sum=21545 Cout=0
A=65530 B=   47 Cin=0 | Sum=21545 Cout=0
A=65530 B=   47 Cin=1 | Sum=21546 Cout=0
A=65530 B=   48 Cin=0 | Sum=21546 Cout=0
A=65530 B=   48 Cin=1 | Sum=21547 Cout=0
A=65530 B=   49 Cin=0 | Sum=21547 Cout=0
A=65530 B=   49 Cin=1 | Sum=21544 Cout=0
A=65530 B=   50 Cin=0 | Sum=21548 Cout=0
A=65530 B=   50 Cin=1 | Sum=21549 Cout=0
A=65530 B=   51 Cin=0 | Sum=21549 Cout=0
A=65530 B=   51 Cin=1 | Sum=21550 Cout=0
A=65530 B=   52 Cin=0 | Sum=21550 Cout=0
A=65530 B=   52 Cin=1 | Sum=21551 Cout=0
A=65530 B=   53 Cin=0 | Sum=21551 Cout=0
A=65530 B=   53 Cin=1 | Sum=21540 Cout=0
A=65530 B=   54 Cin=0 | Sum=21552 Cout=0
A=65530 B=   54 Cin=1 | Sum=21553 Cout=0
A=65530 B=   55 Cin=0 | Sum=21553 Cout=0
A=65530 B=   55 Cin=1 | Sum=21554 Cout=0
A=65530 B=   56 Cin=0 | Sum=21554 Cout=0
A=65530 B=   56 Cin=1 | Sum=21555 Cout=0
A=65530 B=   57 Cin=0 | Sum=21555 Cout=0
A=65530 B=   57 Cin=1 | Sum=21552 Cout=0
A=65530 B=   58 Cin=0 | Sum=21556 Cout=0
A=65530 B=   58 Cin=1 | Sum=21557 Cout=0
A=65530 B=   59 Cin=0 | Sum=21557 Cout=0
A=65530 B=   59 Cin=1 | Sum=21558 Cout=0
A=65530 B=   60 Cin=0 | Sum=21558 Cout=0
A=65530 B=   60 Cin=1 | Sum=21559 Cout=0
A=65530 B=   61 Cin=0 | Sum=21559 Cout=0
A=65530 B=   61 Cin=1 | Sum=21564 Cout=0
A=65530 B=   62 Cin=0 | Sum=21560 Cout=0
A=65530 B=   62 Cin=1 | Sum=21561 Cout=0
A=65530 B=   63 Cin=0 | Sum=21561 Cout=0
A=65530 B=   63 Cin=1 | Sum=21562 Cout=0
A=65530 B=   64 Cin=0 | Sum=21562 Cout=0
A=65530 B=   64 Cin=1 | Sum=21563 Cout=0
A=65530 B=   65 Cin=0 | Sum=21563 Cout=0
A=65530 B=   65 Cin=1 | Sum=21560 Cout=0
A=65530 B=   66 Cin=0 | Sum=21564 Cout=0
A=65530 B=   66 Cin=1 | Sum=21565 Cout=0
A=65530 B=   67 Cin=0 | Sum=21565 Cout=0
A=65530 B=   67 Cin=1 | Sum=21566 Cout=0
A=65530 B=   68 Cin=0 | Sum=21566 Cout=0
A=65530 B=   68 Cin=1 | Sum=21567 Cout=0
A=65530 B=   69 Cin=0 | Sum=21567 Cout=0
A=65530 B=   69 Cin=1 | Sum=21524 Cout=0
A=65530 B=   70 Cin=0 | Sum=21568 Cout=0
A=65530 B=   70 Cin=1 | Sum=21569 Cout=0
A=65530 B=   71 Cin=0 | Sum=21569 Cout=0
A=65530 B=   71 Cin=1 | Sum=21570 Cout=0
A=65530 B=   72 Cin=0 | Sum=21570 Cout=0
A=65530 B=   72 Cin=1 | Sum=21571 Cout=0
A=65530 B=   73 Cin=0 | Sum=21571 Cout=0
A=65530 B=   73 Cin=1 | Sum=21568 Cout=0
A=65530 B=   74 Cin=0 | Sum=21572 Cout=0
A=65530 B=   74 Cin=1 | Sum=21573 Cout=0
A=65530 B=   75 Cin=0 | Sum=21573 Cout=0
A=65530 B=   75 Cin=1 | Sum=21574 Cout=0
A=65530 B=   76 Cin=0 | Sum=21574 Cout=0
A=65530 B=   76 Cin=1 | Sum=21575 Cout=0
A=65530 B=   77 Cin=0 | Sum=21575 Cout=0
A=65530 B=   77 Cin=1 | Sum=21580 Cout=0
A=65530 B=   78 Cin=0 | Sum=21576 Cout=0
A=65530 B=   78 Cin=1 | Sum=21577 Cout=0
A=65530 B=   79 Cin=0 | Sum=21577 Cout=0
A=65530 B=   79 Cin=1 | Sum=21578 Cout=0
A=65530 B=   80 Cin=0 | Sum=21578 Cout=0
A=65530 B=   80 Cin=1 | Sum=21579 Cout=0
A=65530 B=   81 Cin=0 | Sum=21579 Cout=0
A=65530 B=   81 Cin=1 | Sum=21576 Cout=0
A=65530 B=   82 Cin=0 | Sum=21580 Cout=0
A=65530 B=   82 Cin=1 | Sum=21581 Cout=0
A=65530 B=   83 Cin=0 | Sum=21581 Cout=0
A=65530 B=   83 Cin=1 | Sum=21582 Cout=0
A=65530 B=   84 Cin=0 | Sum=21582 Cout=0
A=65530 B=   84 Cin=1 | Sum=21583 Cout=0
A=65530 B=   85 Cin=0 | Sum=21583 Cout=0
A=65530 B=   85 Cin=1 | Sum=21572 Cout=0
A=65530 B=   86 Cin=0 | Sum=21584 Cout=0
A=65530 B=   86 Cin=1 | Sum=21585 Cout=0
A=65530 B=   87 Cin=0 | Sum=21585 Cout=0
A=65530 B=   87 Cin=1 | Sum=21586 Cout=0
A=65530 B=   88 Cin=0 | Sum=21586 Cout=0
A=65530 B=   88 Cin=1 | Sum=21587 Cout=0
A=65530 B=   89 Cin=0 | Sum=21587 Cout=0
A=65530 B=   89 Cin=1 | Sum=21584 Cout=0
A=65530 B=   90 Cin=0 | Sum=21588 Cout=0
A=65530 B=   90 Cin=1 | Sum=21589 Cout=0
A=65530 B=   91 Cin=0 | Sum=21589 Cout=0
A=65530 B=   91 Cin=1 | Sum=21590 Cout=0
A=65530 B=   92 Cin=0 | Sum=21590 Cout=0
A=65530 B=   92 Cin=1 | Sum=21591 Cout=0
A=65530 B=   93 Cin=0 | Sum=21591 Cout=0
A=65530 B=   93 Cin=1 | Sum=21596 Cout=0
A=65530 B=   94 Cin=0 | Sum=21592 Cout=0
A=65530 B=   94 Cin=1 | Sum=21593 Cout=0
A=65530 B=   95 Cin=0 | Sum=21593 Cout=0
A=65530 B=   95 Cin=1 | Sum=21594 Cout=0
A=65530 B=   96 Cin=0 | Sum=21594 Cout=0
A=65530 B=   96 Cin=1 | Sum=21595 Cout=0
A=65530 B=   97 Cin=0 | Sum=21595 Cout=0
A=65530 B=   97 Cin=1 | Sum=21592 Cout=0
A=65530 B=   98 Cin=0 | Sum=21596 Cout=0
A=65530 B=   98 Cin=1 | Sum=21597 Cout=0
A=65530 B=   99 Cin=0 | Sum=21597 Cout=0
A=65530 B=   99 Cin=1 | Sum=21598 Cout=0
A=65530 B=  100 Cin=0 | Sum=21598 Cout=0
A=65530 B=  100 Cin=1 | Sum=21599 Cout=0
A=65530 B=  101 Cin=0 | Sum=21599 Cout=0
A=65530 B=  101 Cin=1 | Sum=21620 Cout=0
A=65530 B=  102 Cin=0 | Sum=21600 Cout=0
A=65530 B=  102 Cin=1 | Sum=21601 Cout=0
A=65530 B=  103 Cin=0 | Sum=21601 Cout=0
A=65530 B=  103 Cin=1 | Sum=21602 Cout=0
A=65530 B=  104 Cin=0 | Sum=21602 Cout=0
A=65530 B=  104 Cin=1 | Sum=21603 Cout=0
A=65530 B=  105 Cin=0 | Sum=21603 Cout=0
A=65530 B=  105 Cin=1 | Sum=21600 Cout=0
A=65530 B=  106 Cin=0 | Sum=21604 Cout=0
A=65530 B=  106 Cin=1 | Sum=21605 Cout=0
A=65530 B=  107 Cin=0 | Sum=21605 Cout=0
A=65530 B=  107 Cin=1 | Sum=21606 Cout=0
A=65530 B=  108 Cin=0 | Sum=21606 Cout=0
A=65530 B=  108 Cin=1 | Sum=21607 Cout=0
A=65530 B=  109 Cin=0 | Sum=21607 Cout=0
A=65530 B=  109 Cin=1 | Sum=21612 Cout=0
A=65530 B=  110 Cin=0 | Sum=21608 Cout=0
A=65530 B=  110 Cin=1 | Sum=21609 Cout=0
A=65530 B=  111 Cin=0 | Sum=21609 Cout=0
A=65530 B=  111 Cin=1 | Sum=21610 Cout=0
A=65530 B=  112 Cin=0 | Sum=21610 Cout=0
A=65530 B=  112 Cin=1 | Sum=21611 Cout=0
A=65530 B=  113 Cin=0 | Sum=21611 Cout=0
A=65530 B=  113 Cin=1 | Sum=21608 Cout=0
A=65530 B=  114 Cin=0 | Sum=21612 Cout=0
A=65530 B=  114 Cin=1 | Sum=21613 Cout=0
A=65530 B=  115 Cin=0 | Sum=21613 Cout=0
A=65530 B=  115 Cin=1 | Sum=21614 Cout=0
A=65530 B=  116 Cin=0 | Sum=21614 Cout=0
A=65530 B=  116 Cin=1 | Sum=21615 Cout=0
A=65530 B=  117 Cin=0 | Sum=21615 Cout=0
A=65530 B=  117 Cin=1 | Sum=21604 Cout=0
A=65530 B=  118 Cin=0 | Sum=21616 Cout=0
A=65530 B=  118 Cin=1 | Sum=21617 Cout=0
A=65530 B=  119 Cin=0 | Sum=21617 Cout=0
A=65530 B=  119 Cin=1 | Sum=21618 Cout=0
A=65530 B=  120 Cin=0 | Sum=21618 Cout=0
A=65530 B=  120 Cin=1 | Sum=21619 Cout=0
A=65530 B=  121 Cin=0 | Sum=21619 Cout=0
A=65530 B=  121 Cin=1 | Sum=21616 Cout=0
A=65530 B=  122 Cin=0 | Sum=21620 Cout=0
A=65530 B=  122 Cin=1 | Sum=21621 Cout=0
A=65530 B=  123 Cin=0 | Sum=21621 Cout=0
A=65530 B=  123 Cin=1 | Sum=21622 Cout=0
A=65530 B=  124 Cin=0 | Sum=21622 Cout=0
A=65530 B=  124 Cin=1 | Sum=21623 Cout=0
A=65530 B=  125 Cin=0 | Sum=21623 Cout=0
A=65530 B=  125 Cin=1 | Sum=21628 Cout=0
A=65530 B=  126 Cin=0 | Sum=21624 Cout=0
A=65530 B=  126 Cin=1 | Sum=21625 Cout=0
A=65530 B=  127 Cin=0 | Sum=21625 Cout=0
A=65530 B=  127 Cin=1 | Sum=21626 Cout=0
A=65530 B=  128 Cin=0 | Sum=21626 Cout=0
A=65530 B=  128 Cin=1 | Sum=21627 Cout=0
A=65530 B=  129 Cin=0 | Sum=21627 Cout=0
A=65530 B=  129 Cin=1 | Sum=21624 Cout=0
A=65530 B=  130 Cin=0 | Sum=21628 Cout=0
A=65530 B=  130 Cin=1 | Sum=21629 Cout=0
A=65530 B=  131 Cin=0 | Sum=21629 Cout=0
A=65530 B=  131 Cin=1 | Sum=21630 Cout=0
A=65530 B=  132 Cin=0 | Sum=21630 Cout=0
A=65530 B=  132 Cin=1 | Sum=21631 Cout=0
A=65530 B=  133 Cin=0 | Sum=21631 Cout=0
A=65530 B=  133 Cin=1 | Sum=21716 Cout=0
A=65530 B=  134 Cin=0 | Sum=21632 Cout=0
A=65530 B=  134 Cin=1 | Sum=21633 Cout=0
A=65530 B=  135 Cin=0 | Sum=21633 Cout=0
A=65530 B=  135 Cin=1 | Sum=21634 Cout=0
A=65530 B=  136 Cin=0 | Sum=21634 Cout=0
A=65530 B=  136 Cin=1 | Sum=21635 Cout=0
A=65530 B=  137 Cin=0 | Sum=21635 Cout=0
A=65530 B=  137 Cin=1 | Sum=21632 Cout=0
A=65530 B=  138 Cin=0 | Sum=21636 Cout=0
A=65530 B=  138 Cin=1 | Sum=21637 Cout=0
A=65530 B=  139 Cin=0 | Sum=21637 Cout=0
A=65530 B=  139 Cin=1 | Sum=21638 Cout=0
A=65530 B=  140 Cin=0 | Sum=21638 Cout=0
A=65530 B=  140 Cin=1 | Sum=21639 Cout=0
A=65530 B=  141 Cin=0 | Sum=21639 Cout=0
A=65530 B=  141 Cin=1 | Sum=21644 Cout=0
A=65530 B=  142 Cin=0 | Sum=21640 Cout=0
A=65530 B=  142 Cin=1 | Sum=21641 Cout=0
A=65530 B=  143 Cin=0 | Sum=21641 Cout=0
A=65530 B=  143 Cin=1 | Sum=21642 Cout=0
A=65530 B=  144 Cin=0 | Sum=21642 Cout=0
A=65530 B=  144 Cin=1 | Sum=21643 Cout=0
A=65530 B=  145 Cin=0 | Sum=21643 Cout=0
A=65530 B=  145 Cin=1 | Sum=21640 Cout=0
A=65530 B=  146 Cin=0 | Sum=21644 Cout=0
A=65530 B=  146 Cin=1 | Sum=21645 Cout=0
A=65530 B=  147 Cin=0 | Sum=21645 Cout=0
A=65530 B=  147 Cin=1 | Sum=21646 Cout=0
A=65530 B=  148 Cin=0 | Sum=21646 Cout=0
A=65530 B=  148 Cin=1 | Sum=21647 Cout=0
A=65530 B=  149 Cin=0 | Sum=21647 Cout=0
A=65530 B=  149 Cin=1 | Sum=21636 Cout=0
A=65530 B=  150 Cin=0 | Sum=21648 Cout=0
A=65530 B=  150 Cin=1 | Sum=21649 Cout=0
A=65530 B=  151 Cin=0 | Sum=21649 Cout=0
A=65530 B=  151 Cin=1 | Sum=21650 Cout=0
A=65530 B=  152 Cin=0 | Sum=21650 Cout=0
A=65530 B=  152 Cin=1 | Sum=21651 Cout=0
A=65530 B=  153 Cin=0 | Sum=21651 Cout=0
A=65530 B=  153 Cin=1 | Sum=21648 Cout=0
A=65530 B=  154 Cin=0 | Sum=21652 Cout=0
A=65530 B=  154 Cin=1 | Sum=21653 Cout=0
A=65530 B=  155 Cin=0 | Sum=21653 Cout=0
A=65530 B=  155 Cin=1 | Sum=21654 Cout=0
A=65530 B=  156 Cin=0 | Sum=21654 Cout=0
A=65530 B=  156 Cin=1 | Sum=21655 Cout=0
A=65530 B=  157 Cin=0 | Sum=21655 Cout=0
A=65530 B=  157 Cin=1 | Sum=21660 Cout=0
A=65530 B=  158 Cin=0 | Sum=21656 Cout=0
A=65530 B=  158 Cin=1 | Sum=21657 Cout=0
A=65530 B=  159 Cin=0 | Sum=21657 Cout=0
A=65530 B=  159 Cin=1 | Sum=21658 Cout=0
A=65530 B=  160 Cin=0 | Sum=21658 Cout=0
A=65530 B=  160 Cin=1 | Sum=21659 Cout=0
A=65530 B=  161 Cin=0 | Sum=21659 Cout=0
A=65530 B=  161 Cin=1 | Sum=21656 Cout=0
A=65530 B=  162 Cin=0 | Sum=21660 Cout=0
A=65530 B=  162 Cin=1 | Sum=21661 Cout=0
A=65530 B=  163 Cin=0 | Sum=21661 Cout=0
A=65530 B=  163 Cin=1 | Sum=21662 Cout=0
A=65530 B=  164 Cin=0 | Sum=21662 Cout=0
A=65530 B=  164 Cin=1 | Sum=21663 Cout=0
A=65530 B=  165 Cin=0 | Sum=21663 Cout=0
A=65530 B=  165 Cin=1 | Sum=21684 Cout=0
A=65530 B=  166 Cin=0 | Sum=21664 Cout=0
A=65530 B=  166 Cin=1 | Sum=21665 Cout=0
A=65530 B=  167 Cin=0 | Sum=21665 Cout=0
A=65530 B=  167 Cin=1 | Sum=21666 Cout=0
A=65530 B=  168 Cin=0 | Sum=21666 Cout=0
A=65530 B=  168 Cin=1 | Sum=21667 Cout=0
A=65530 B=  169 Cin=0 | Sum=21667 Cout=0
A=65530 B=  169 Cin=1 | Sum=21664 Cout=0
A=65530 B=  170 Cin=0 | Sum=21668 Cout=0
A=65530 B=  170 Cin=1 | Sum=21669 Cout=0
A=65530 B=  171 Cin=0 | Sum=21669 Cout=0
A=65530 B=  171 Cin=1 | Sum=21670 Cout=0
A=65530 B=  172 Cin=0 | Sum=21670 Cout=0
A=65530 B=  172 Cin=1 | Sum=21671 Cout=0
A=65530 B=  173 Cin=0 | Sum=21671 Cout=0
A=65530 B=  173 Cin=1 | Sum=21676 Cout=0
A=65530 B=  174 Cin=0 | Sum=21672 Cout=0
A=65530 B=  174 Cin=1 | Sum=21673 Cout=0
A=65530 B=  175 Cin=0 | Sum=21673 Cout=0
A=65530 B=  175 Cin=1 | Sum=21674 Cout=0
A=65530 B=  176 Cin=0 | Sum=21674 Cout=0
A=65530 B=  176 Cin=1 | Sum=21675 Cout=0
A=65530 B=  177 Cin=0 | Sum=21675 Cout=0
A=65530 B=  177 Cin=1 | Sum=21672 Cout=0
A=65530 B=  178 Cin=0 | Sum=21676 Cout=0
A=65530 B=  178 Cin=1 | Sum=21677 Cout=0
A=65530 B=  179 Cin=0 | Sum=21677 Cout=0
A=65530 B=  179 Cin=1 | Sum=21678 Cout=0
A=65530 B=  180 Cin=0 | Sum=21678 Cout=0
A=65530 B=  180 Cin=1 | Sum=21679 Cout=0
A=65530 B=  181 Cin=0 | Sum=21679 Cout=0
A=65530 B=  181 Cin=1 | Sum=21668 Cout=0
A=65530 B=  182 Cin=0 | Sum=21680 Cout=0
A=65530 B=  182 Cin=1 | Sum=21681 Cout=0
A=65530 B=  183 Cin=0 | Sum=21681 Cout=0
A=65530 B=  183 Cin=1 | Sum=21682 Cout=0
A=65530 B=  184 Cin=0 | Sum=21682 Cout=0
A=65530 B=  184 Cin=1 | Sum=21683 Cout=0
A=65530 B=  185 Cin=0 | Sum=21683 Cout=0
A=65530 B=  185 Cin=1 | Sum=21680 Cout=0
A=65530 B=  186 Cin=0 | Sum=21684 Cout=0
A=65530 B=  186 Cin=1 | Sum=21685 Cout=0
A=65530 B=  187 Cin=0 | Sum=21685 Cout=0
A=65530 B=  187 Cin=1 | Sum=21686 Cout=0
A=65530 B=  188 Cin=0 | Sum=21686 Cout=0
A=65530 B=  188 Cin=1 | Sum=21687 Cout=0
A=65530 B=  189 Cin=0 | Sum=21687 Cout=0
A=65530 B=  189 Cin=1 | Sum=21692 Cout=0
A=65530 B=  190 Cin=0 | Sum=21688 Cout=0
A=65530 B=  190 Cin=1 | Sum=21689 Cout=0
A=65530 B=  191 Cin=0 | Sum=21689 Cout=0
A=65530 B=  191 Cin=1 | Sum=21690 Cout=0
A=65530 B=  192 Cin=0 | Sum=21690 Cout=0
A=65530 B=  192 Cin=1 | Sum=21691 Cout=0
A=65530 B=  193 Cin=0 | Sum=21691 Cout=0
A=65530 B=  193 Cin=1 | Sum=21688 Cout=0
A=65530 B=  194 Cin=0 | Sum=21692 Cout=0
A=65530 B=  194 Cin=1 | Sum=21693 Cout=0
A=65530 B=  195 Cin=0 | Sum=21693 Cout=0
A=65530 B=  195 Cin=1 | Sum=21694 Cout=0
A=65530 B=  196 Cin=0 | Sum=21694 Cout=0
A=65530 B=  196 Cin=1 | Sum=21695 Cout=0
A=65530 B=  197 Cin=0 | Sum=21695 Cout=0
A=65530 B=  197 Cin=1 | Sum=21652 Cout=0
A=65530 B=  198 Cin=0 | Sum=21696 Cout=0
A=65530 B=  198 Cin=1 | Sum=21697 Cout=0
A=65530 B=  199 Cin=0 | Sum=21697 Cout=0
A=65530 B=  199 Cin=1 | Sum=21698 Cout=0
A=65530 B=  200 Cin=0 | Sum=21698 Cout=0
A=65530 B=  200 Cin=1 | Sum=21699 Cout=0
A=65530 B=  201 Cin=0 | Sum=21699 Cout=0
A=65530 B=  201 Cin=1 | Sum=21696 Cout=0
A=65530 B=  202 Cin=0 | Sum=21700 Cout=0
A=65530 B=  202 Cin=1 | Sum=21701 Cout=0
A=65530 B=  203 Cin=0 | Sum=21701 Cout=0
A=65530 B=  203 Cin=1 | Sum=21702 Cout=0
A=65530 B=  204 Cin=0 | Sum=21702 Cout=0
A=65530 B=  204 Cin=1 | Sum=21703 Cout=0
A=65530 B=  205 Cin=0 | Sum=21703 Cout=0
A=65530 B=  205 Cin=1 | Sum=21708 Cout=0
A=65530 B=  206 Cin=0 | Sum=21704 Cout=0
A=65530 B=  206 Cin=1 | Sum=21705 Cout=0
A=65530 B=  207 Cin=0 | Sum=21705 Cout=0
A=65530 B=  207 Cin=1 | Sum=21706 Cout=0
A=65530 B=  208 Cin=0 | Sum=21706 Cout=0
A=65530 B=  208 Cin=1 | Sum=21707 Cout=0
A=65530 B=  209 Cin=0 | Sum=21707 Cout=0
A=65530 B=  209 Cin=1 | Sum=21704 Cout=0
A=65530 B=  210 Cin=0 | Sum=21708 Cout=0
A=65530 B=  210 Cin=1 | Sum=21709 Cout=0
A=65530 B=  211 Cin=0 | Sum=21709 Cout=0
A=65530 B=  211 Cin=1 | Sum=21710 Cout=0
A=65530 B=  212 Cin=0 | Sum=21710 Cout=0
A=65530 B=  212 Cin=1 | Sum=21711 Cout=0
A=65530 B=  213 Cin=0 | Sum=21711 Cout=0
A=65530 B=  213 Cin=1 | Sum=21700 Cout=0
A=65530 B=  214 Cin=0 | Sum=21712 Cout=0
A=65530 B=  214 Cin=1 | Sum=21713 Cout=0
A=65530 B=  215 Cin=0 | Sum=21713 Cout=0
A=65530 B=  215 Cin=1 | Sum=21714 Cout=0
A=65530 B=  216 Cin=0 | Sum=21714 Cout=0
A=65530 B=  216 Cin=1 | Sum=21715 Cout=0
A=65530 B=  217 Cin=0 | Sum=21715 Cout=0
A=65530 B=  217 Cin=1 | Sum=21712 Cout=0
A=65530 B=  218 Cin=0 | Sum=21716 Cout=0
A=65530 B=  218 Cin=1 | Sum=21717 Cout=0
A=65530 B=  219 Cin=0 | Sum=21717 Cout=0
A=65530 B=  219 Cin=1 | Sum=21718 Cout=0
A=65530 B=  220 Cin=0 | Sum=21718 Cout=0
A=65530 B=  220 Cin=1 | Sum=21719 Cout=0
A=65530 B=  221 Cin=0 | Sum=21719 Cout=0
A=65530 B=  221 Cin=1 | Sum=21724 Cout=0
A=65530 B=  222 Cin=0 | Sum=21720 Cout=0
A=65530 B=  222 Cin=1 | Sum=21721 Cout=0
A=65530 B=  223 Cin=0 | Sum=21721 Cout=0
A=65530 B=  223 Cin=1 | Sum=21722 Cout=0
A=65530 B=  224 Cin=0 | Sum=21722 Cout=0
A=65530 B=  224 Cin=1 | Sum=21723 Cout=0
A=65530 B=  225 Cin=0 | Sum=21723 Cout=0
A=65530 B=  225 Cin=1 | Sum=21720 Cout=0
A=65530 B=  226 Cin=0 | Sum=21724 Cout=0
A=65530 B=  226 Cin=1 | Sum=21725 Cout=0
A=65530 B=  227 Cin=0 | Sum=21725 Cout=0
A=65530 B=  227 Cin=1 | Sum=21726 Cout=0
A=65530 B=  228 Cin=0 | Sum=21726 Cout=0
A=65530 B=  228 Cin=1 | Sum=21727 Cout=0
A=65530 B=  229 Cin=0 | Sum=21727 Cout=0
A=65530 B=  229 Cin=1 | Sum=21748 Cout=0
A=65530 B=  230 Cin=0 | Sum=21728 Cout=0
A=65530 B=  230 Cin=1 | Sum=21729 Cout=0
A=65530 B=  231 Cin=0 | Sum=21729 Cout=0
A=65530 B=  231 Cin=1 | Sum=21730 Cout=0
A=65530 B=  232 Cin=0 | Sum=21730 Cout=0
A=65530 B=  232 Cin=1 | Sum=21731 Cout=0
A=65530 B=  233 Cin=0 | Sum=21731 Cout=0
A=65530 B=  233 Cin=1 | Sum=21728 Cout=0
A=65530 B=  234 Cin=0 | Sum=21732 Cout=0
A=65530 B=  234 Cin=1 | Sum=21733 Cout=0
A=65530 B=  235 Cin=0 | Sum=21733 Cout=0
A=65530 B=  235 Cin=1 | Sum=21734 Cout=0
A=65530 B=  236 Cin=0 | Sum=21734 Cout=0
A=65530 B=  236 Cin=1 | Sum=21735 Cout=0
A=65530 B=  237 Cin=0 | Sum=21735 Cout=0
A=65530 B=  237 Cin=1 | Sum=21740 Cout=0
A=65530 B=  238 Cin=0 | Sum=21736 Cout=0
A=65530 B=  238 Cin=1 | Sum=21737 Cout=0
A=65530 B=  239 Cin=0 | Sum=21737 Cout=0
A=65530 B=  239 Cin=1 | Sum=21738 Cout=0
A=65530 B=  240 Cin=0 | Sum=21738 Cout=0
A=65530 B=  240 Cin=1 | Sum=21739 Cout=0
A=65530 B=  241 Cin=0 | Sum=21739 Cout=0
A=65530 B=  241 Cin=1 | Sum=21736 Cout=0
A=65530 B=  242 Cin=0 | Sum=21740 Cout=0
A=65530 B=  242 Cin=1 | Sum=21741 Cout=0
A=65530 B=  243 Cin=0 | Sum=21741 Cout=0
A=65530 B=  243 Cin=1 | Sum=21742 Cout=0
A=65530 B=  244 Cin=0 | Sum=21742 Cout=0
A=65530 B=  244 Cin=1 | Sum=21743 Cout=0
A=65530 B=  245 Cin=0 | Sum=21743 Cout=0
A=65530 B=  245 Cin=1 | Sum=21732 Cout=0
A=65530 B=  246 Cin=0 | Sum=21744 Cout=0
A=65530 B=  246 Cin=1 | Sum=21745 Cout=0
A=65530 B=  247 Cin=0 | Sum=21745 Cout=0
A=65530 B=  247 Cin=1 | Sum=21746 Cout=0
A=65530 B=  248 Cin=0 | Sum=21746 Cout=0
A=65530 B=  248 Cin=1 | Sum=21747 Cout=0
A=65530 B=  249 Cin=0 | Sum=21747 Cout=0
A=65530 B=  249 Cin=1 | Sum=21744 Cout=0
A=65530 B=  250 Cin=0 | Sum=21748 Cout=0
A=65530 B=  250 Cin=1 | Sum=21749 Cout=0
A=65530 B=  251 Cin=0 | Sum=21749 Cout=0
A=65530 B=  251 Cin=1 | Sum=21750 Cout=0
A=65530 B=  252 Cin=0 | Sum=21750 Cout=0
A=65530 B=  252 Cin=1 | Sum=21751 Cout=0
A=65530 B=  253 Cin=0 | Sum=21751 Cout=0
A=65530 B=  253 Cin=1 | Sum=21756 Cout=0
A=65530 B=  254 Cin=0 | Sum=21752 Cout=0
A=65530 B=  254 Cin=1 | Sum=21753 Cout=0
A=65530 B=  255 Cin=0 | Sum=21753 Cout=0
A=65530 B=  255 Cin=1 | Sum=21754 Cout=0
A=65530 B=  256 Cin=0 | Sum=  250 Cout=1
A=65530 B=  256 Cin=1 | Sum=  251 Cout=1
A=65530 B=  257 Cin=0 | Sum=  251 Cout=1
A=65530 B=  257 Cin=1 | Sum=  248 Cout=1
A=65530 B=  258 Cin=0 | Sum=  252 Cout=1
A=65530 B=  258 Cin=1 | Sum=  253 Cout=1
A=65530 B=  259 Cin=0 | Sum=  253 Cout=1
A=65530 B=  259 Cin=1 | Sum=  254 Cout=1
A=65530 B=  260 Cin=0 | Sum=  254 Cout=1
A=65530 B=  260 Cin=1 | Sum=  255 Cout=1
A=65530 B=  261 Cin=0 | Sum=  255 Cout=1
A=65530 B=  261 Cin=1 | Sum=   84 Cout=1
A=65530 B=  262 Cin=0 | Sum=  256 Cout=1
A=65530 B=  262 Cin=1 | Sum=  257 Cout=1
A=65530 B=  263 Cin=0 | Sum=  257 Cout=1
A=65530 B=  263 Cin=1 | Sum=  258 Cout=1
A=65530 B=  264 Cin=0 | Sum=  258 Cout=1
A=65530 B=  264 Cin=1 | Sum=  259 Cout=1
A=65530 B=  265 Cin=0 | Sum=  259 Cout=1
A=65530 B=  265 Cin=1 | Sum=  256 Cout=1
A=65530 B=  266 Cin=0 | Sum=  260 Cout=1
A=65530 B=  266 Cin=1 | Sum=  261 Cout=1
A=65530 B=  267 Cin=0 | Sum=  261 Cout=1
A=65530 B=  267 Cin=1 | Sum=  262 Cout=1
A=65530 B=  268 Cin=0 | Sum=  262 Cout=1
A=65530 B=  268 Cin=1 | Sum=  263 Cout=1
A=65530 B=  269 Cin=0 | Sum=  263 Cout=1
A=65530 B=  269 Cin=1 | Sum=  268 Cout=1
A=65530 B=  270 Cin=0 | Sum=  264 Cout=1
A=65530 B=  270 Cin=1 | Sum=  265 Cout=1
A=65530 B=  271 Cin=0 | Sum=  265 Cout=1
A=65530 B=  271 Cin=1 | Sum=  266 Cout=1
A=65530 B=  272 Cin=0 | Sum=  266 Cout=1
A=65530 B=  272 Cin=1 | Sum=  267 Cout=1
A=65530 B=  273 Cin=0 | Sum=  267 Cout=1
A=65530 B=  273 Cin=1 | Sum=  264 Cout=1
A=65530 B=  274 Cin=0 | Sum=  268 Cout=1
A=65530 B=  274 Cin=1 | Sum=  269 Cout=1
A=65530 B=  275 Cin=0 | Sum=  269 Cout=1
A=65530 B=  275 Cin=1 | Sum=  270 Cout=1
A=65530 B=  276 Cin=0 | Sum=  270 Cout=1
A=65530 B=  276 Cin=1 | Sum=  271 Cout=1
A=65530 B=  277 Cin=0 | Sum=  271 Cout=1
A=65530 B=  277 Cin=1 | Sum=  260 Cout=1
A=65530 B=  278 Cin=0 | Sum=  272 Cout=1
A=65530 B=  278 Cin=1 | Sum=  273 Cout=1
A=65530 B=  279 Cin=0 | Sum=  273 Cout=1
A=65530 B=  279 Cin=1 | Sum=  274 Cout=1
A=65530 B=  280 Cin=0 | Sum=  274 Cout=1
A=65530 B=  280 Cin=1 | Sum=  275 Cout=1
A=65530 B=  281 Cin=0 | Sum=  275 Cout=1
A=65530 B=  281 Cin=1 | Sum=  272 Cout=1
A=65530 B=  282 Cin=0 | Sum=  276 Cout=1
A=65530 B=  282 Cin=1 | Sum=  277 Cout=1
A=65530 B=  283 Cin=0 | Sum=  277 Cout=1
A=65530 B=  283 Cin=1 | Sum=  278 Cout=1
A=65530 B=  284 Cin=0 | Sum=  278 Cout=1
A=65530 B=  284 Cin=1 | Sum=  279 Cout=1
A=65530 B=  285 Cin=0 | Sum=  279 Cout=1
A=65530 B=  285 Cin=1 | Sum=  284 Cout=1
A=65530 B=  286 Cin=0 | Sum=  280 Cout=1
A=65530 B=  286 Cin=1 | Sum=  281 Cout=1
A=65530 B=  287 Cin=0 | Sum=  281 Cout=1
A=65530 B=  287 Cin=1 | Sum=  282 Cout=1
A=65530 B=  288 Cin=0 | Sum=  282 Cout=1
A=65530 B=  288 Cin=1 | Sum=  283 Cout=1
A=65530 B=  289 Cin=0 | Sum=  283 Cout=1
A=65530 B=  289 Cin=1 | Sum=  280 Cout=1
A=65530 B=  290 Cin=0 | Sum=  284 Cout=1
A=65530 B=  290 Cin=1 | Sum=  285 Cout=1
A=65530 B=  291 Cin=0 | Sum=  285 Cout=1
A=65530 B=  291 Cin=1 | Sum=  286 Cout=1
A=65530 B=  292 Cin=0 | Sum=  286 Cout=1
A=65530 B=  292 Cin=1 | Sum=  287 Cout=1
A=65530 B=  293 Cin=0 | Sum=  287 Cout=1
A=65530 B=  293 Cin=1 | Sum=  308 Cout=1
A=65530 B=  294 Cin=0 | Sum=  288 Cout=1
A=65530 B=  294 Cin=1 | Sum=  289 Cout=1
A=65530 B=  295 Cin=0 | Sum=  289 Cout=1
A=65530 B=  295 Cin=1 | Sum=  290 Cout=1
A=65530 B=  296 Cin=0 | Sum=  290 Cout=1
A=65530 B=  296 Cin=1 | Sum=  291 Cout=1
A=65530 B=  297 Cin=0 | Sum=  291 Cout=1
A=65530 B=  297 Cin=1 | Sum=  288 Cout=1
A=65530 B=  298 Cin=0 | Sum=  292 Cout=1
A=65530 B=  298 Cin=1 | Sum=  293 Cout=1
A=65530 B=  299 Cin=0 | Sum=  293 Cout=1
A=65530 B=  299 Cin=1 | Sum=  294 Cout=1
A=65530 B=  300 Cin=0 | Sum=  294 Cout=1
A=65530 B=  300 Cin=1 | Sum=  295 Cout=1
A=65530 B=  301 Cin=0 | Sum=  295 Cout=1
A=65530 B=  301 Cin=1 | Sum=  300 Cout=1
A=65530 B=  302 Cin=0 | Sum=  296 Cout=1
A=65530 B=  302 Cin=1 | Sum=  297 Cout=1
A=65530 B=  303 Cin=0 | Sum=  297 Cout=1
A=65530 B=  303 Cin=1 | Sum=  298 Cout=1
A=65530 B=  304 Cin=0 | Sum=  298 Cout=1
A=65530 B=  304 Cin=1 | Sum=  299 Cout=1
A=65530 B=  305 Cin=0 | Sum=  299 Cout=1
A=65530 B=  305 Cin=1 | Sum=  296 Cout=1
A=65530 B=  306 Cin=0 | Sum=  300 Cout=1
A=65530 B=  306 Cin=1 | Sum=  301 Cout=1
A=65530 B=  307 Cin=0 | Sum=  301 Cout=1
A=65530 B=  307 Cin=1 | Sum=  302 Cout=1
A=65530 B=  308 Cin=0 | Sum=  302 Cout=1
A=65530 B=  308 Cin=1 | Sum=  303 Cout=1
A=65530 B=  309 Cin=0 | Sum=  303 Cout=1
A=65530 B=  309 Cin=1 | Sum=  292 Cout=1
A=65530 B=  310 Cin=0 | Sum=  304 Cout=1
A=65530 B=  310 Cin=1 | Sum=  305 Cout=1
A=65530 B=  311 Cin=0 | Sum=  305 Cout=1
A=65530 B=  311 Cin=1 | Sum=  306 Cout=1
A=65530 B=  312 Cin=0 | Sum=  306 Cout=1
A=65530 B=  312 Cin=1 | Sum=  307 Cout=1
A=65530 B=  313 Cin=0 | Sum=  307 Cout=1
A=65530 B=  313 Cin=1 | Sum=  304 Cout=1
A=65530 B=  314 Cin=0 | Sum=  308 Cout=1
A=65530 B=  314 Cin=1 | Sum=  309 Cout=1
A=65530 B=  315 Cin=0 | Sum=  309 Cout=1
A=65530 B=  315 Cin=1 | Sum=  310 Cout=1
A=65530 B=  316 Cin=0 | Sum=  310 Cout=1
A=65530 B=  316 Cin=1 | Sum=  311 Cout=1
A=65530 B=  317 Cin=0 | Sum=  311 Cout=1
A=65530 B=  317 Cin=1 | Sum=  316 Cout=1
A=65530 B=  318 Cin=0 | Sum=  312 Cout=1
A=65530 B=  318 Cin=1 | Sum=  313 Cout=1
A=65530 B=  319 Cin=0 | Sum=  313 Cout=1
A=65530 B=  319 Cin=1 | Sum=  314 Cout=1
A=65530 B=  320 Cin=0 | Sum=  314 Cout=1
A=65530 B=  320 Cin=1 | Sum=  315 Cout=1
A=65530 B=  321 Cin=0 | Sum=  315 Cout=1
A=65530 B=  321 Cin=1 | Sum=  312 Cout=1
A=65530 B=  322 Cin=0 | Sum=  316 Cout=1
A=65530 B=  322 Cin=1 | Sum=  317 Cout=1
A=65530 B=  323 Cin=0 | Sum=  317 Cout=1
A=65530 B=  323 Cin=1 | Sum=  318 Cout=1
A=65530 B=  324 Cin=0 | Sum=  318 Cout=1
A=65530 B=  324 Cin=1 | Sum=  319 Cout=1
A=65530 B=  325 Cin=0 | Sum=  319 Cout=1
A=65530 B=  325 Cin=1 | Sum=  276 Cout=1
A=65530 B=  326 Cin=0 | Sum=  320 Cout=1
A=65530 B=  326 Cin=1 | Sum=  321 Cout=1
A=65530 B=  327 Cin=0 | Sum=  321 Cout=1
A=65530 B=  327 Cin=1 | Sum=  322 Cout=1
A=65530 B=  328 Cin=0 | Sum=  322 Cout=1
A=65530 B=  328 Cin=1 | Sum=  323 Cout=1
A=65530 B=  329 Cin=0 | Sum=  323 Cout=1
A=65530 B=  329 Cin=1 | Sum=  320 Cout=1
A=65530 B=  330 Cin=0 | Sum=  324 Cout=1
A=65530 B=  330 Cin=1 | Sum=  325 Cout=1
A=65530 B=  331 Cin=0 | Sum=  325 Cout=1
A=65530 B=  331 Cin=1 | Sum=  326 Cout=1
A=65530 B=  332 Cin=0 | Sum=  326 Cout=1
A=65530 B=  332 Cin=1 | Sum=  327 Cout=1
A=65530 B=  333 Cin=0 | Sum=  327 Cout=1
A=65530 B=  333 Cin=1 | Sum=  332 Cout=1
A=65530 B=  334 Cin=0 | Sum=  328 Cout=1
A=65530 B=  334 Cin=1 | Sum=  329 Cout=1
A=65530 B=  335 Cin=0 | Sum=  329 Cout=1
A=65530 B=  335 Cin=1 | Sum=  330 Cout=1
A=65530 B=  336 Cin=0 | Sum=  330 Cout=1
A=65530 B=  336 Cin=1 | Sum=  331 Cout=1
A=65530 B=  337 Cin=0 | Sum=  331 Cout=1
A=65530 B=  337 Cin=1 | Sum=  328 Cout=1
A=65530 B=  338 Cin=0 | Sum=  332 Cout=1
A=65530 B=  338 Cin=1 | Sum=  333 Cout=1
A=65530 B=  339 Cin=0 | Sum=  333 Cout=1
A=65530 B=  339 Cin=1 | Sum=  334 Cout=1
A=65530 B=  340 Cin=0 | Sum=  334 Cout=1
A=65530 B=  340 Cin=1 | Sum=  335 Cout=1
A=65530 B=  341 Cin=0 | Sum=  335 Cout=1
A=65530 B=  341 Cin=1 | Sum=  324 Cout=1
A=65530 B=  342 Cin=0 | Sum=  336 Cout=1
A=65530 B=  342 Cin=1 | Sum=  337 Cout=1
A=65530 B=  343 Cin=0 | Sum=  337 Cout=1
A=65530 B=  343 Cin=1 | Sum=  338 Cout=1
A=65530 B=  344 Cin=0 | Sum=  338 Cout=1
A=65530 B=  344 Cin=1 | Sum=  339 Cout=1
A=65530 B=  345 Cin=0 | Sum=  339 Cout=1
A=65530 B=  345 Cin=1 | Sum=  336 Cout=1
A=65530 B=  346 Cin=0 | Sum=  340 Cout=1
A=65530 B=  346 Cin=1 | Sum=  341 Cout=1
A=65530 B=  347 Cin=0 | Sum=  341 Cout=1
A=65530 B=  347 Cin=1 | Sum=  342 Cout=1
A=65530 B=  348 Cin=0 | Sum=  342 Cout=1
A=65530 B=  348 Cin=1 | Sum=  343 Cout=1
A=65530 B=  349 Cin=0 | Sum=  343 Cout=1
A=65530 B=  349 Cin=1 | Sum=  348 Cout=1
A=65530 B=  350 Cin=0 | Sum=  344 Cout=1
A=65530 B=  350 Cin=1 | Sum=  345 Cout=1
A=65530 B=  351 Cin=0 | Sum=  345 Cout=1
A=65530 B=  351 Cin=1 | Sum=  346 Cout=1
A=65530 B=  352 Cin=0 | Sum=  346 Cout=1
A=65530 B=  352 Cin=1 | Sum=  347 Cout=1
A=65530 B=  353 Cin=0 | Sum=  347 Cout=1
A=65530 B=  353 Cin=1 | Sum=  344 Cout=1
A=65530 B=  354 Cin=0 | Sum=  348 Cout=1
A=65530 B=  354 Cin=1 | Sum=  349 Cout=1
A=65530 B=  355 Cin=0 | Sum=  349 Cout=1
A=65530 B=  355 Cin=1 | Sum=  350 Cout=1
A=65530 B=  356 Cin=0 | Sum=  350 Cout=1
A=65530 B=  356 Cin=1 | Sum=  351 Cout=1
A=65530 B=  357 Cin=0 | Sum=  351 Cout=1
A=65530 B=  357 Cin=1 | Sum=  372 Cout=1
A=65530 B=  358 Cin=0 | Sum=  352 Cout=1
A=65530 B=  358 Cin=1 | Sum=  353 Cout=1
A=65530 B=  359 Cin=0 | Sum=  353 Cout=1
A=65530 B=  359 Cin=1 | Sum=  354 Cout=1
A=65530 B=  360 Cin=0 | Sum=  354 Cout=1
A=65530 B=  360 Cin=1 | Sum=  355 Cout=1
A=65530 B=  361 Cin=0 | Sum=  355 Cout=1
A=65530 B=  361 Cin=1 | Sum=  352 Cout=1
A=65530 B=  362 Cin=0 | Sum=  356 Cout=1
A=65530 B=  362 Cin=1 | Sum=  357 Cout=1
A=65530 B=  363 Cin=0 | Sum=  357 Cout=1
A=65530 B=  363 Cin=1 | Sum=  358 Cout=1
A=65530 B=  364 Cin=0 | Sum=  358 Cout=1
A=65530 B=  364 Cin=1 | Sum=  359 Cout=1
A=65530 B=  365 Cin=0 | Sum=  359 Cout=1
A=65530 B=  365 Cin=1 | Sum=  364 Cout=1
A=65530 B=  366 Cin=0 | Sum=  360 Cout=1
A=65530 B=  366 Cin=1 | Sum=  361 Cout=1
A=65530 B=  367 Cin=0 | Sum=  361 Cout=1
A=65530 B=  367 Cin=1 | Sum=  362 Cout=1
A=65530 B=  368 Cin=0 | Sum=  362 Cout=1
A=65530 B=  368 Cin=1 | Sum=  363 Cout=1
A=65530 B=  369 Cin=0 | Sum=  363 Cout=1
A=65530 B=  369 Cin=1 | Sum=  360 Cout=1
A=65530 B=  370 Cin=0 | Sum=  364 Cout=1
A=65530 B=  370 Cin=1 | Sum=  365 Cout=1
A=65530 B=  371 Cin=0 | Sum=  365 Cout=1
A=65530 B=  371 Cin=1 | Sum=  366 Cout=1
A=65530 B=  372 Cin=0 | Sum=  366 Cout=1
A=65530 B=  372 Cin=1 | Sum=  367 Cout=1
A=65530 B=  373 Cin=0 | Sum=  367 Cout=1
A=65530 B=  373 Cin=1 | Sum=  356 Cout=1
A=65530 B=  374 Cin=0 | Sum=  368 Cout=1
A=65530 B=  374 Cin=1 | Sum=  369 Cout=1
A=65530 B=  375 Cin=0 | Sum=  369 Cout=1
A=65530 B=  375 Cin=1 | Sum=  370 Cout=1
A=65530 B=  376 Cin=0 | Sum=  370 Cout=1
A=65530 B=  376 Cin=1 | Sum=  371 Cout=1
A=65530 B=  377 Cin=0 | Sum=  371 Cout=1
A=65530 B=  377 Cin=1 | Sum=  368 Cout=1
A=65530 B=  378 Cin=0 | Sum=  372 Cout=1
A=65530 B=  378 Cin=1 | Sum=  373 Cout=1
A=65530 B=  379 Cin=0 | Sum=  373 Cout=1
A=65530 B=  379 Cin=1 | Sum=  374 Cout=1
A=65530 B=  380 Cin=0 | Sum=  374 Cout=1
A=65530 B=  380 Cin=1 | Sum=  375 Cout=1
A=65530 B=  381 Cin=0 | Sum=  375 Cout=1
A=65530 B=  381 Cin=1 | Sum=  380 Cout=1
A=65530 B=  382 Cin=0 | Sum=  376 Cout=1
A=65530 B=  382 Cin=1 | Sum=  377 Cout=1
A=65530 B=  383 Cin=0 | Sum=  377 Cout=1
A=65530 B=  383 Cin=1 | Sum=  378 Cout=1
A=65530 B=  384 Cin=0 | Sum=  378 Cout=1
A=65530 B=  384 Cin=1 | Sum=  379 Cout=1
A=65530 B=  385 Cin=0 | Sum=  379 Cout=1
A=65530 B=  385 Cin=1 | Sum=  376 Cout=1
A=65530 B=  386 Cin=0 | Sum=  380 Cout=1
A=65530 B=  386 Cin=1 | Sum=  381 Cout=1
A=65530 B=  387 Cin=0 | Sum=  381 Cout=1
A=65530 B=  387 Cin=1 | Sum=  382 Cout=1
A=65530 B=  388 Cin=0 | Sum=  382 Cout=1
A=65530 B=  388 Cin=1 | Sum=  383 Cout=1
A=65530 B=  389 Cin=0 | Sum=  383 Cout=1
A=65530 B=  389 Cin=1 | Sum=  468 Cout=1
A=65530 B=  390 Cin=0 | Sum=  384 Cout=1
A=65530 B=  390 Cin=1 | Sum=  385 Cout=1
A=65530 B=  391 Cin=0 | Sum=  385 Cout=1
A=65530 B=  391 Cin=1 | Sum=  386 Cout=1
A=65530 B=  392 Cin=0 | Sum=  386 Cout=1
A=65530 B=  392 Cin=1 | Sum=  387 Cout=1
A=65530 B=  393 Cin=0 | Sum=  387 Cout=1
A=65530 B=  393 Cin=1 | Sum=  384 Cout=1
A=65530 B=  394 Cin=0 | Sum=  388 Cout=1
A=65530 B=  394 Cin=1 | Sum=  389 Cout=1
A=65530 B=  395 Cin=0 | Sum=  389 Cout=1
A=65530 B=  395 Cin=1 | Sum=  390 Cout=1
A=65530 B=  396 Cin=0 | Sum=  390 Cout=1
A=65530 B=  396 Cin=1 | Sum=  391 Cout=1
A=65530 B=  397 Cin=0 | Sum=  391 Cout=1
A=65530 B=  397 Cin=1 | Sum=  396 Cout=1
A=65530 B=  398 Cin=0 | Sum=  392 Cout=1
A=65530 B=  398 Cin=1 | Sum=  393 Cout=1
A=65530 B=  399 Cin=0 | Sum=  393 Cout=1
A=65530 B=  399 Cin=1 | Sum=  394 Cout=1
A=65530 B=  400 Cin=0 | Sum=  394 Cout=1
A=65530 B=  400 Cin=1 | Sum=  395 Cout=1
A=65530 B=  401 Cin=0 | Sum=  395 Cout=1
A=65530 B=  401 Cin=1 | Sum=  392 Cout=1
A=65530 B=  402 Cin=0 | Sum=  396 Cout=1
A=65530 B=  402 Cin=1 | Sum=  397 Cout=1
A=65530 B=  403 Cin=0 | Sum=  397 Cout=1
A=65530 B=  403 Cin=1 | Sum=  398 Cout=1
A=65530 B=  404 Cin=0 | Sum=  398 Cout=1
A=65530 B=  404 Cin=1 | Sum=  399 Cout=1
A=65530 B=  405 Cin=0 | Sum=  399 Cout=1
A=65530 B=  405 Cin=1 | Sum=  388 Cout=1
A=65530 B=  406 Cin=0 | Sum=  400 Cout=1
A=65530 B=  406 Cin=1 | Sum=  401 Cout=1
A=65530 B=  407 Cin=0 | Sum=  401 Cout=1
A=65530 B=  407 Cin=1 | Sum=  402 Cout=1
A=65530 B=  408 Cin=0 | Sum=  402 Cout=1
A=65530 B=  408 Cin=1 | Sum=  403 Cout=1
A=65530 B=  409 Cin=0 | Sum=  403 Cout=1
A=65530 B=  409 Cin=1 | Sum=  400 Cout=1
A=65530 B=  410 Cin=0 | Sum=  404 Cout=1
A=65530 B=  410 Cin=1 | Sum=  405 Cout=1
A=65530 B=  411 Cin=0 | Sum=  405 Cout=1
A=65530 B=  411 Cin=1 | Sum=  406 Cout=1
A=65530 B=  412 Cin=0 | Sum=  406 Cout=1
A=65530 B=  412 Cin=1 | Sum=  407 Cout=1
A=65530 B=  413 Cin=0 | Sum=  407 Cout=1
A=65530 B=  413 Cin=1 | Sum=  412 Cout=1
A=65530 B=  414 Cin=0 | Sum=  408 Cout=1
A=65530 B=  414 Cin=1 | Sum=  409 Cout=1
A=65530 B=  415 Cin=0 | Sum=  409 Cout=1
A=65530 B=  415 Cin=1 | Sum=  410 Cout=1
A=65530 B=  416 Cin=0 | Sum=  410 Cout=1
A=65530 B=  416 Cin=1 | Sum=  411 Cout=1
A=65530 B=  417 Cin=0 | Sum=  411 Cout=1
A=65530 B=  417 Cin=1 | Sum=  408 Cout=1
A=65530 B=  418 Cin=0 | Sum=  412 Cout=1
A=65530 B=  418 Cin=1 | Sum=  413 Cout=1
A=65530 B=  419 Cin=0 | Sum=  413 Cout=1
A=65530 B=  419 Cin=1 | Sum=  414 Cout=1
A=65530 B=  420 Cin=0 | Sum=  414 Cout=1
A=65530 B=  420 Cin=1 | Sum=  415 Cout=1
A=65530 B=  421 Cin=0 | Sum=  415 Cout=1
A=65530 B=  421 Cin=1 | Sum=  436 Cout=1
A=65530 B=  422 Cin=0 | Sum=  416 Cout=1
A=65530 B=  422 Cin=1 | Sum=  417 Cout=1
A=65530 B=  423 Cin=0 | Sum=  417 Cout=1
A=65530 B=  423 Cin=1 | Sum=  418 Cout=1
A=65530 B=  424 Cin=0 | Sum=  418 Cout=1
A=65530 B=  424 Cin=1 | Sum=  419 Cout=1
A=65530 B=  425 Cin=0 | Sum=  419 Cout=1
A=65530 B=  425 Cin=1 | Sum=  416 Cout=1
A=65530 B=  426 Cin=0 | Sum=  420 Cout=1
A=65530 B=  426 Cin=1 | Sum=  421 Cout=1
A=65530 B=  427 Cin=0 | Sum=  421 Cout=1
A=65530 B=  427 Cin=1 | Sum=  422 Cout=1
A=65530 B=  428 Cin=0 | Sum=  422 Cout=1
A=65530 B=  428 Cin=1 | Sum=  423 Cout=1
A=65530 B=  429 Cin=0 | Sum=  423 Cout=1
A=65530 B=  429 Cin=1 | Sum=  428 Cout=1
A=65530 B=  430 Cin=0 | Sum=  424 Cout=1
A=65530 B=  430 Cin=1 | Sum=  425 Cout=1
A=65530 B=  431 Cin=0 | Sum=  425 Cout=1
A=65530 B=  431 Cin=1 | Sum=  426 Cout=1
A=65530 B=  432 Cin=0 | Sum=  426 Cout=1
A=65530 B=  432 Cin=1 | Sum=  427 Cout=1
A=65530 B=  433 Cin=0 | Sum=  427 Cout=1
A=65530 B=  433 Cin=1 | Sum=  424 Cout=1
A=65530 B=  434 Cin=0 | Sum=  428 Cout=1
A=65530 B=  434 Cin=1 | Sum=  429 Cout=1
A=65530 B=  435 Cin=0 | Sum=  429 Cout=1
A=65530 B=  435 Cin=1 | Sum=  430 Cout=1
A=65530 B=  436 Cin=0 | Sum=  430 Cout=1
A=65530 B=  436 Cin=1 | Sum=  431 Cout=1
A=65530 B=  437 Cin=0 | Sum=  431 Cout=1
A=65530 B=  437 Cin=1 | Sum=  420 Cout=1
A=65530 B=  438 Cin=0 | Sum=  432 Cout=1
A=65530 B=  438 Cin=1 | Sum=  433 Cout=1
A=65530 B=  439 Cin=0 | Sum=  433 Cout=1
A=65530 B=  439 Cin=1 | Sum=  434 Cout=1
A=65530 B=  440 Cin=0 | Sum=  434 Cout=1
A=65530 B=  440 Cin=1 | Sum=  435 Cout=1
A=65530 B=  441 Cin=0 | Sum=  435 Cout=1
A=65530 B=  441 Cin=1 | Sum=  432 Cout=1
A=65530 B=  442 Cin=0 | Sum=  436 Cout=1
A=65530 B=  442 Cin=1 | Sum=  437 Cout=1
A=65530 B=  443 Cin=0 | Sum=  437 Cout=1
A=65530 B=  443 Cin=1 | Sum=  438 Cout=1
A=65530 B=  444 Cin=0 | Sum=  438 Cout=1
A=65530 B=  444 Cin=1 | Sum=  439 Cout=1
A=65530 B=  445 Cin=0 | Sum=  439 Cout=1
A=65530 B=  445 Cin=1 | Sum=  444 Cout=1
A=65530 B=  446 Cin=0 | Sum=  440 Cout=1
A=65530 B=  446 Cin=1 | Sum=  441 Cout=1
A=65530 B=  447 Cin=0 | Sum=  441 Cout=1
A=65530 B=  447 Cin=1 | Sum=  442 Cout=1
A=65530 B=  448 Cin=0 | Sum=  442 Cout=1
A=65530 B=  448 Cin=1 | Sum=  443 Cout=1
A=65530 B=  449 Cin=0 | Sum=  443 Cout=1
A=65530 B=  449 Cin=1 | Sum=  440 Cout=1
A=65530 B=  450 Cin=0 | Sum=  444 Cout=1
A=65530 B=  450 Cin=1 | Sum=  445 Cout=1
A=65530 B=  451 Cin=0 | Sum=  445 Cout=1
A=65530 B=  451 Cin=1 | Sum=  446 Cout=1
A=65530 B=  452 Cin=0 | Sum=  446 Cout=1
A=65530 B=  452 Cin=1 | Sum=  447 Cout=1
A=65530 B=  453 Cin=0 | Sum=  447 Cout=1
A=65530 B=  453 Cin=1 | Sum=  404 Cout=1
A=65530 B=  454 Cin=0 | Sum=  448 Cout=1
A=65530 B=  454 Cin=1 | Sum=  449 Cout=1
A=65530 B=  455 Cin=0 | Sum=  449 Cout=1
A=65530 B=  455 Cin=1 | Sum=  450 Cout=1
A=65530 B=  456 Cin=0 | Sum=  450 Cout=1
A=65530 B=  456 Cin=1 | Sum=  451 Cout=1
A=65530 B=  457 Cin=0 | Sum=  451 Cout=1
A=65530 B=  457 Cin=1 | Sum=  448 Cout=1
A=65530 B=  458 Cin=0 | Sum=  452 Cout=1
A=65530 B=  458 Cin=1 | Sum=  453 Cout=1
A=65530 B=  459 Cin=0 | Sum=  453 Cout=1
A=65530 B=  459 Cin=1 | Sum=  454 Cout=1
A=65530 B=  460 Cin=0 | Sum=  454 Cout=1
A=65530 B=  460 Cin=1 | Sum=  455 Cout=1
A=65530 B=  461 Cin=0 | Sum=  455 Cout=1
A=65530 B=  461 Cin=1 | Sum=  460 Cout=1
A=65530 B=  462 Cin=0 | Sum=  456 Cout=1
A=65530 B=  462 Cin=1 | Sum=  457 Cout=1
A=65530 B=  463 Cin=0 | Sum=  457 Cout=1
A=65530 B=  463 Cin=1 | Sum=  458 Cout=1
A=65530 B=  464 Cin=0 | Sum=  458 Cout=1
A=65530 B=  464 Cin=1 | Sum=  459 Cout=1
A=65530 B=  465 Cin=0 | Sum=  459 Cout=1
A=65530 B=  465 Cin=1 | Sum=  456 Cout=1
A=65530 B=  466 Cin=0 | Sum=  460 Cout=1
A=65530 B=  466 Cin=1 | Sum=  461 Cout=1
A=65530 B=  467 Cin=0 | Sum=  461 Cout=1
A=65530 B=  467 Cin=1 | Sum=  462 Cout=1
A=65530 B=  468 Cin=0 | Sum=  462 Cout=1
A=65530 B=  468 Cin=1 | Sum=  463 Cout=1
A=65530 B=  469 Cin=0 | Sum=  463 Cout=1
A=65530 B=  469 Cin=1 | Sum=  452 Cout=1
A=65530 B=  470 Cin=0 | Sum=  464 Cout=1
A=65530 B=  470 Cin=1 | Sum=  465 Cout=1
A=65530 B=  471 Cin=0 | Sum=  465 Cout=1
A=65530 B=  471 Cin=1 | Sum=  466 Cout=1
A=65530 B=  472 Cin=0 | Sum=  466 Cout=1
A=65530 B=  472 Cin=1 | Sum=  467 Cout=1
A=65530 B=  473 Cin=0 | Sum=  467 Cout=1
A=65530 B=  473 Cin=1 | Sum=  464 Cout=1
A=65530 B=  474 Cin=0 | Sum=  468 Cout=1
A=65530 B=  474 Cin=1 | Sum=  469 Cout=1
A=65530 B=  475 Cin=0 | Sum=  469 Cout=1
A=65530 B=  475 Cin=1 | Sum=  470 Cout=1
A=65530 B=  476 Cin=0 | Sum=  470 Cout=1
A=65530 B=  476 Cin=1 | Sum=  471 Cout=1
A=65530 B=  477 Cin=0 | Sum=  471 Cout=1
A=65530 B=  477 Cin=1 | Sum=  476 Cout=1
A=65530 B=  478 Cin=0 | Sum=  472 Cout=1
A=65530 B=  478 Cin=1 | Sum=  473 Cout=1
A=65530 B=  479 Cin=0 | Sum=  473 Cout=1
A=65530 B=  479 Cin=1 | Sum=  474 Cout=1
A=65530 B=  480 Cin=0 | Sum=  474 Cout=1
A=65530 B=  480 Cin=1 | Sum=  475 Cout=1
A=65530 B=  481 Cin=0 | Sum=  475 Cout=1
A=65530 B=  481 Cin=1 | Sum=  472 Cout=1
A=65530 B=  482 Cin=0 | Sum=  476 Cout=1
A=65530 B=  482 Cin=1 | Sum=  477 Cout=1
A=65530 B=  483 Cin=0 | Sum=  477 Cout=1
A=65530 B=  483 Cin=1 | Sum=  478 Cout=1
A=65530 B=  484 Cin=0 | Sum=  478 Cout=1
A=65530 B=  484 Cin=1 | Sum=  479 Cout=1
A=65530 B=  485 Cin=0 | Sum=  479 Cout=1
A=65530 B=  485 Cin=1 | Sum=  500 Cout=1
A=65530 B=  486 Cin=0 | Sum=  480 Cout=1
A=65530 B=  486 Cin=1 | Sum=  481 Cout=1
A=65530 B=  487 Cin=0 | Sum=  481 Cout=1
A=65530 B=  487 Cin=1 | Sum=  482 Cout=1
A=65530 B=  488 Cin=0 | Sum=  482 Cout=1
A=65530 B=  488 Cin=1 | Sum=  483 Cout=1
A=65530 B=  489 Cin=0 | Sum=  483 Cout=1
A=65530 B=  489 Cin=1 | Sum=  480 Cout=1
A=65530 B=  490 Cin=0 | Sum=  484 Cout=1
A=65530 B=  490 Cin=1 | Sum=  485 Cout=1
A=65530 B=  491 Cin=0 | Sum=  485 Cout=1
A=65530 B=  491 Cin=1 | Sum=  486 Cout=1
A=65530 B=  492 Cin=0 | Sum=  486 Cout=1
A=65530 B=  492 Cin=1 | Sum=  487 Cout=1
A=65530 B=  493 Cin=0 | Sum=  487 Cout=1
A=65530 B=  493 Cin=1 | Sum=  492 Cout=1
A=65530 B=  494 Cin=0 | Sum=  488 Cout=1
A=65530 B=  494 Cin=1 | Sum=  489 Cout=1
A=65530 B=  495 Cin=0 | Sum=  489 Cout=1
A=65530 B=  495 Cin=1 | Sum=  490 Cout=1
A=65530 B=  496 Cin=0 | Sum=  490 Cout=1
A=65530 B=  496 Cin=1 | Sum=  491 Cout=1
A=65530 B=  497 Cin=0 | Sum=  491 Cout=1
A=65530 B=  497 Cin=1 | Sum=  488 Cout=1
A=65530 B=  498 Cin=0 | Sum=  492 Cout=1
A=65530 B=  498 Cin=1 | Sum=  493 Cout=1
A=65530 B=  499 Cin=0 | Sum=  493 Cout=1
A=65530 B=  499 Cin=1 | Sum=  494 Cout=1
A=65530 B=  500 Cin=0 | Sum=  494 Cout=1
A=65530 B=  500 Cin=1 | Sum=  495 Cout=1
A=65530 B=  501 Cin=0 | Sum=  495 Cout=1
A=65530 B=  501 Cin=1 | Sum=  484 Cout=1
A=65530 B=  502 Cin=0 | Sum=  496 Cout=1
A=65530 B=  502 Cin=1 | Sum=  497 Cout=1
A=65530 B=  503 Cin=0 | Sum=  497 Cout=1
A=65530 B=  503 Cin=1 | Sum=  498 Cout=1
A=65530 B=  504 Cin=0 | Sum=  498 Cout=1
A=65530 B=  504 Cin=1 | Sum=  499 Cout=1
A=65530 B=  505 Cin=0 | Sum=  499 Cout=1
A=65530 B=  505 Cin=1 | Sum=  496 Cout=1
A=65530 B=  506 Cin=0 | Sum=  500 Cout=1
A=65530 B=  506 Cin=1 | Sum=  501 Cout=1
A=65530 B=  507 Cin=0 | Sum=  501 Cout=1
A=65530 B=  507 Cin=1 | Sum=  502 Cout=1
A=65530 B=  508 Cin=0 | Sum=  502 Cout=1
A=65530 B=  508 Cin=1 | Sum=  503 Cout=1
A=65530 B=  509 Ci